2023-08-06 06:42:36.570919 - Initialized conversion of CBT721
2023-08-06 06:42:37.232288 - Received CBT.V505.FILE721.PDS from FILE721.XMI 
2023-08-06 06:42:37.234506 - Found $$$#DATE.txt (text/plain) in CBT.V505.FILE721.PDS, moved to PDS/$$$#DATE
2023-08-06 06:42:37.235695 - Found $$$COSHU.txt (text/plain) in CBT.V505.FILE721.PDS, moved to PDS/$$$COSHU
2023-08-06 06:42:37.236913 - Found $$$DOC.txt (text/plain) in CBT.V505.FILE721.PDS, moved to PDS/$$$DOC
2023-08-06 06:42:37.237929 - Found $$NDVR.txt (text/plain) in CBT.V505.FILE721.PDS, moved to PDS/$$NDVR
2023-08-06 06:42:37.238942 - Found $$PAN.txt (text/plain) in CBT.V505.FILE721.PDS, moved to PDS/$$PAN
2023-08-06 06:42:37.239897 - Found $$PDS1.txt (text/plain) in CBT.V505.FILE721.PDS, moved to PDS/$$PDS1
2023-08-06 06:42:37.240876 - Found $$PDS2.txt (text/plain) in CBT.V505.FILE721.PDS, moved to PDS/$$PDS2
2023-08-06 06:42:37.241780 - Found $$SCLM1.txt (text/plain) in CBT.V505.FILE721.PDS, moved to PDS/$$SCLM1
2023-08-06 06:42:37.242867 - Found $$SCLM2.txt (text/plain) in CBT.V505.FILE721.PDS, moved to PDS/$$SCLM2
2023-08-06 06:42:37.243894 - Found @FILE721.txt (text/plain) in CBT.V505.FILE721.PDS, moved to PDS/@FILE721
2023-08-06 06:42:37.244855 - Found CHGPDS.jcl (text/plain) in CBT.V505.FILE721.PDS, moved to PDS/CHGPDS
2023-08-06 06:42:37.245758 - Found CHGSCLM.jcl (text/plain) in CBT.V505.FILE721.PDS, moved to PDS/CHGSCLM
2023-08-06 06:42:37.246732 - Found CHGSCLMP.jcl (text/plain) in CBT.V505.FILE721.PDS, moved to PDS/CHGSCLMP
2023-08-06 06:42:37.247644 - Found COB3CMP.jcl (text/plain) in CBT.V505.FILE721.PDS, moved to PDS/COB3CMP
2023-08-06 06:42:37.248536 - Found INDXPDS.jcl (text/plain) in CBT.V505.FILE721.PDS, moved to PDS/INDXPDS
2023-08-06 06:42:37.249386 - Found JXCPL005.txt (text/plain) in CBT.V505.FILE721.PDS, moved to PDS/JXCPL005
2023-08-06 06:42:37.250292 - Found JXCPP010.txt (text/plain) in CBT.V505.FILE721.PDS, moved to PDS/JXCPP010
2023-08-06 06:42:37.251307 - Found JXCPP015.txt (text/plain) in CBT.V505.FILE721.PDS, moved to PDS/JXCPP015
2023-08-06 06:42:37.252246 - Found JXCPP025.txt (text/plain) in CBT.V505.FILE721.PDS, moved to PDS/JXCPP025
2023-08-06 06:42:37.253123 - Found JXCPP099.txt (text/plain) in CBT.V505.FILE721.PDS, moved to PDS/JXCPP099
2023-08-06 06:42:37.254056 - Found JXCPR300.txt (text/plain) in CBT.V505.FILE721.PDS, moved to PDS/JXCPR300
2023-08-06 06:42:37.255055 - Found JXCPR305.txt (text/plain) in CBT.V505.FILE721.PDS, moved to PDS/JXCPR305
2023-08-06 06:42:37.256012 - Found JXCPW001.txt (text/plain) in CBT.V505.FILE721.PDS, moved to PDS/JXCPW001
2023-08-06 06:42:37.256900 - Found JXCPW002.txt (text/plain) in CBT.V505.FILE721.PDS, moved to PDS/JXCPW002
2023-08-06 06:42:37.257859 - Found JXCPW003.txt (text/plain) in CBT.V505.FILE721.PDS, moved to PDS/JXCPW003
2023-08-06 06:42:37.258879 - Found JXCPW020.txt (text/plain) in CBT.V505.FILE721.PDS, moved to PDS/JXCPW020
2023-08-06 06:42:37.260033 - Found JXCPW025.txt (text/plain) in CBT.V505.FILE721.PDS, moved to PDS/JXCPW025
2023-08-06 06:42:37.261120 - Found JXCPW045.txt (text/plain) in CBT.V505.FILE721.PDS, moved to PDS/JXCPW045
2023-08-06 06:42:37.262144 - Found JXCU011.txt (text/plain) in CBT.V505.FILE721.PDS, moved to PDS/JXCU011
2023-08-06 06:42:37.263196 - Found JXC300PD.txt (text/plain) in CBT.V505.FILE721.PDS, moved to PDS/JXC300PD
2023-08-06 06:42:37.264117 - Found JXC300SC.txt (text/plain) in CBT.V505.FILE721.PDS, moved to PDS/JXC300SC
2023-08-06 06:42:37.265045 - Found JXC310JX.txt (text/plain) in CBT.V505.FILE721.PDS, moved to PDS/JXC310JX
2023-08-06 06:42:37.266020 - Found JXC315JX.txt (text/plain) in CBT.V505.FILE721.PDS, moved to PDS/JXC315JX
2023-08-06 06:42:37.267000 - Found JXC320JX.txt (text/plain) in CBT.V505.FILE721.PDS, moved to PDS/JXC320JX
2023-08-06 06:42:37.267917 - Found JXC370JX.txt (text/plain) in CBT.V505.FILE721.PDS, moved to PDS/JXC370JX
2023-08-06 06:42:37.268871 - Found JXD300.jcl (text/plain) in CBT.V505.FILE721.PDS, moved to PDS/JXD300
2023-08-06 06:42:37.269885 - Found JXD301.jcl (text/plain) in CBT.V505.FILE721.PDS, moved to PDS/JXD301
2023-08-06 06:42:37.270780 - Found JXD305.jcl (text/plain) in CBT.V505.FILE721.PDS, moved to PDS/JXD305
2023-08-06 06:42:37.271789 - Found JXE300PV.txt (text/plain) in CBT.V505.FILE721.PDS, moved to PDS/JXE300PV
2023-08-06 06:42:37.272722 - Found JXE305PV.txt (text/plain) in CBT.V505.FILE721.PDS, moved to PDS/JXE305PV
2023-08-06 06:42:37.273627 - Found JXE505.txt (text/plain) in CBT.V505.FILE721.PDS, moved to PDS/JXE505
2023-08-06 06:42:37.274622 - Found JXIESTEP.txt (text/plain) in CBT.V505.FILE721.PDS, moved to PDS/JXIESTEP
2023-08-06 06:42:37.275647 - Found JXINP005.txt (text/plain) in CBT.V505.FILE721.PDS, moved to PDS/JXINP005
2023-08-06 06:42:37.276664 - Found JXINP010.txt (text/plain) in CBT.V505.FILE721.PDS, moved to PDS/JXINP010
2023-08-06 06:42:37.277650 - Found JXINP300.txt (text/plain) in CBT.V505.FILE721.PDS, moved to PDS/JXINP300
2023-08-06 06:42:37.278625 - Found JXINW005.txt (text/plain) in CBT.V505.FILE721.PDS, moved to PDS/JXINW005
2023-08-06 06:42:37.279741 - Found JXISPROD.txt (text/plain) in CBT.V505.FILE721.PDS, moved to PDS/JXISPROD
2023-08-06 06:42:37.280749 - Found JXPF301.txt (text/plain) in CBT.V505.FILE721.PDS, moved to PDS/JXPF301
2023-08-06 06:42:37.281835 - Found JXPR300.txt (text/plain) in CBT.V505.FILE721.PDS, moved to PDS/JXPR300
2023-08-06 06:42:37.282838 - Found JXPR301.txt (text/plain) in CBT.V505.FILE721.PDS, moved to PDS/JXPR301
2023-08-06 06:42:37.283831 - Found JXPR305.txt (text/plain) in CBT.V505.FILE721.PDS, moved to PDS/JXPR305
2023-08-06 06:42:37.284746 - Found JXPR305A.txt (text/plain) in CBT.V505.FILE721.PDS, moved to PDS/JXPR305A
2023-08-06 06:42:37.285656 - Found JXPR305D.txt (text/plain) in CBT.V505.FILE721.PDS, moved to PDS/JXPR305D
2023-08-06 06:42:37.286612 - Found JXPR310F.txt (text/plain) in CBT.V505.FILE721.PDS, moved to PDS/JXPR310F
2023-08-06 06:42:37.287554 - Found JXPR505.txt (text/plain) in CBT.V505.FILE721.PDS, moved to PDS/JXPR505
2023-08-06 06:42:37.288458 - Found JXRF301.jcl (text/plain) in CBT.V505.FILE721.PDS, moved to PDS/JXRF301
2023-08-06 06:42:37.289318 - Found JXR310F.jcl (text/plain) in CBT.V505.FILE721.PDS, moved to PDS/JXR310F
2023-08-06 06:42:37.290228 - Found JXSDIH01.txt (text/plain) in CBT.V505.FILE721.PDS, moved to PDS/JXSDIH01
2023-08-06 06:42:37.291167 - Found JXSDIH02.txt (text/plain) in CBT.V505.FILE721.PDS, moved to PDS/JXSDIH02
2023-08-06 06:42:37.292214 - Found JXSDIH03.txt (text/plain) in CBT.V505.FILE721.PDS, moved to PDS/JXSDIH03
2023-08-06 06:42:37.293201 - Found JXSDIH04.txt (text/plain) in CBT.V505.FILE721.PDS, moved to PDS/JXSDIH04
2023-08-06 06:42:37.294194 - Found JXSDIH07.txt (text/plain) in CBT.V505.FILE721.PDS, moved to PDS/JXSDIH07
2023-08-06 06:42:37.295067 - Found JXSDIH08.txt (text/plain) in CBT.V505.FILE721.PDS, moved to PDS/JXSDIH08
2023-08-06 06:42:37.295870 - Found JXSDIH11.txt (text/plain) in CBT.V505.FILE721.PDS, moved to PDS/JXSDIH11
2023-08-06 06:42:37.296690 - Found JXSDIH13.txt (text/plain) in CBT.V505.FILE721.PDS, moved to PDS/JXSDIH13
2023-08-06 06:42:37.297968 - Found JXSDIH15.txt (text/plain) in CBT.V505.FILE721.PDS, moved to PDS/JXSDIH15
2023-08-06 06:42:37.298938 - Found JXSDIH17.txt (text/plain) in CBT.V505.FILE721.PDS, moved to PDS/JXSDIH17
2023-08-06 06:42:37.299818 - Found JXSDIH18.txt (text/plain) in CBT.V505.FILE721.PDS, moved to PDS/JXSDIH18
2023-08-06 06:42:37.300657 - Found JXSDLB01.txt (text/plain) in CBT.V505.FILE721.PDS, moved to PDS/JXSDLB01
2023-08-06 06:42:37.301501 - Found JXSDLB02.txt (text/plain) in CBT.V505.FILE721.PDS, moved to PDS/JXSDLB02
2023-08-06 06:42:37.302467 - Found JXSDLB03.txt (text/plain) in CBT.V505.FILE721.PDS, moved to PDS/JXSDLB03
2023-08-06 06:42:37.303355 - Found JXSDLB04.txt (text/plain) in CBT.V505.FILE721.PDS, moved to PDS/JXSDLB04
2023-08-06 06:42:37.304426 - Found JXSDLB07.txt (text/plain) in CBT.V505.FILE721.PDS, moved to PDS/JXSDLB07
2023-08-06 06:42:37.305421 - Found JXSDLB08.txt (text/plain) in CBT.V505.FILE721.PDS, moved to PDS/JXSDLB08
2023-08-06 06:42:37.306417 - Found JXSDLB11.txt (text/plain) in CBT.V505.FILE721.PDS, moved to PDS/JXSDLB11
2023-08-06 06:42:37.307383 - Found JXSDLB13.txt (text/plain) in CBT.V505.FILE721.PDS, moved to PDS/JXSDLB13
2023-08-06 06:42:37.308363 - Found JXSDLB15.txt (text/plain) in CBT.V505.FILE721.PDS, moved to PDS/JXSDLB15
2023-08-06 06:42:37.309297 - Found JXSDLB17.txt (text/plain) in CBT.V505.FILE721.PDS, moved to PDS/JXSDLB17
2023-08-06 06:42:37.310212 - Found JXSDLB18.txt (text/plain) in CBT.V505.FILE721.PDS, moved to PDS/JXSDLB18
2023-08-06 06:42:37.311114 - Found JXSD3PDS.txt (text/plain) in CBT.V505.FILE721.PDS, moved to PDS/JXSD3PDS
2023-08-06 06:42:37.312050 - Found JXSD3SCL.txt (text/plain) in CBT.V505.FILE721.PDS, moved to PDS/JXSD3SCL
2023-08-06 06:42:37.313005 - Found JXSD300C.txt (text/plain) in CBT.V505.FILE721.PDS, moved to PDS/JXSD300C
2023-08-06 06:42:37.313907 - Found JXSD300D.txt (text/plain) in CBT.V505.FILE721.PDS, moved to PDS/JXSD300D
2023-08-06 06:42:37.314836 - Found JXSD320A.txt (text/plain) in CBT.V505.FILE721.PDS, moved to PDS/JXSD320A
2023-08-06 06:42:37.315701 - Found JXSD320B.txt (text/plain) in CBT.V505.FILE721.PDS, moved to PDS/JXSD320B
2023-08-06 06:42:37.316513 - Found JXSD320C.txt (text/plain) in CBT.V505.FILE721.PDS, moved to PDS/JXSD320C
2023-08-06 06:42:37.317445 - Found JXSD370A.txt (text/plain) in CBT.V505.FILE721.PDS, moved to PDS/JXSD370A
2023-08-06 06:42:37.318409 - Found JXSD370D.txt (text/plain) in CBT.V505.FILE721.PDS, moved to PDS/JXSD370D
2023-08-06 06:42:37.319314 - Found JXSD370M.txt (text/plain) in CBT.V505.FILE721.PDS, moved to PDS/JXSD370M
2023-08-06 06:42:37.320173 - Found JXSD370P.txt (text/plain) in CBT.V505.FILE721.PDS, moved to PDS/JXSD370P
2023-08-06 06:42:37.321021 - Found JXSD370S.txt (text/plain) in CBT.V505.FILE721.PDS, moved to PDS/JXSD370S
2023-08-06 06:42:37.321973 - Found JXSD370V.txt (text/plain) in CBT.V505.FILE721.PDS, moved to PDS/JXSD370V
2023-08-06 06:42:37.322913 - Found JXSD505A.txt (text/plain) in CBT.V505.FILE721.PDS, moved to PDS/JXSD505A
2023-08-06 06:42:37.323778 - Found JXSD505B.txt (text/plain) in CBT.V505.FILE721.PDS, moved to PDS/JXSD505B
2023-08-06 06:42:37.324630 - Found JXSRSMS1.txt (text/plain) in CBT.V505.FILE721.PDS, moved to PDS/JXSRSMS1
2023-08-06 06:42:37.325549 - Found JXSRSMS2.txt (text/plain) in CBT.V505.FILE721.PDS, moved to PDS/JXSRSMS2
2023-08-06 06:42:37.326466 - Found JXSRSMS3.txt (text/plain) in CBT.V505.FILE721.PDS, moved to PDS/JXSRSMS3
2023-08-06 06:42:37.327411 - Found JXSR001A.txt (text/plain) in CBT.V505.FILE721.PDS, moved to PDS/JXSR001A
2023-08-06 06:42:37.328384 - Found JXSR300A.txt (text/plain) in CBT.V505.FILE721.PDS, moved to PDS/JXSR300A
2023-08-06 06:42:37.329261 - Found JXSR300B.txt (text/plain) in CBT.V505.FILE721.PDS, moved to PDS/JXSR300B
2023-08-06 06:42:37.330226 - Found JXSR301A.txt (text/plain) in CBT.V505.FILE721.PDS, moved to PDS/JXSR301A
2023-08-06 06:42:37.331183 - Found JXSR301B.txt (text/plain) in CBT.V505.FILE721.PDS, moved to PDS/JXSR301B
2023-08-06 06:42:37.332125 - Found JXSR310B.txt (text/plain) in CBT.V505.FILE721.PDS, moved to PDS/JXSR310B
2023-08-06 06:42:37.333095 - Found JXSR315A.txt (text/plain) in CBT.V505.FILE721.PDS, moved to PDS/JXSR315A
2023-08-06 06:42:37.333982 - Found JXSR315B.txt (text/plain) in CBT.V505.FILE721.PDS, moved to PDS/JXSR315B
2023-08-06 06:42:37.334915 - Found JXSR505A.txt (text/plain) in CBT.V505.FILE721.PDS, moved to PDS/JXSR505A
2023-08-06 06:42:37.335853 - Found JXSR505B.txt (text/plain) in CBT.V505.FILE721.PDS, moved to PDS/JXSR505B
2023-08-06 06:42:37.336813 - Found JZCPR300.txt (text/plain) in CBT.V505.FILE721.PDS, moved to PDS/JZCPR300
